#
# There is insufficient memory for the Java Runtime Environment to continue.
# Native memory allocation (mmap) failed to map 268435456 bytes for Failed to commit area from 0x0000000700800000 to 0x0000000710800000 of length 268435456.
# Possible reasons:
#   The system is out of physical RAM or swap space
#   The process is running with CompressedOops enabled, and the Java Heap may be blocking the growth of the native heap
# Possible solutions:
#   Reduce memory load on the system
#   Increase physical memory or swap space
#   Check if swap backing store is full
#   Decrease Java heap size (-Xmx/-Xms)
#   Decrease number of Java threads
#   Decrease Java thread stack sizes (-Xss)
#   Set larger code cache with -XX:ReservedCodeCacheSize=
# This output file may be truncated or incomplete.
#
#  Out of Memory Error (c:/BuildAgent/work/5ff2f6c26000d570/src/hotspot/os/windows/os_windows.cpp:3291), pid=6028, tid=11808
#
# JRE version:  (11.0.5+10) (build )
# Java VM: OpenJDK 64-Bit Server VM (11.0.5+10-b520.17, mixed mode, aot, sharing, tiered, compressed oops, g1 gc, windows-amd64)
# No core dump will be written. Minidumps are not enabled by default on client versions of Windows
#

---------------  S U M M A R Y ------------

Command Line: org.jetbrains.git4idea.http.GitAskPassApp Username for 'https://github.com': 

Host: Intel(R) Core(TM) i7-7700K CPU @ 4.20GHz, 8 cores, 15G,  Windows 10 , 64 bit Build 18362 (10.0.18362.329)
Time: Wed Jan 22 16:33:43 2020 Oeieyiaey (ceia) elapsed time: 0 seconds (0d 0h 0m 0s)

---------------  T H R E A D  ---------------

Current thread (0x000001fd0606c800):  JavaThread "Unknown thread" [_thread_in_vm, id=11808, stack(0x000000b634e00000,0x000000b634f00000)]

Stack: [0x000000b634e00000,0x000000b634f00000]
Native frames: (J=compiled Java code, j=interpreted, Vv=VM code, C=native code)
V  [jvm.dll+0x5dcafa]
V  [jvm.dll+0x70e375]
V  [jvm.dll+0x70f898]
V  [jvm.dll+0x70ff63]
V  [jvm.dll+0x23e238]
V  [jvm.dll+0x5da1c4]
V  [jvm.dll+0x5cf265]
V  [jvm.dll+0x2fac3b]
V  [jvm.dll+0x2fabaa]
V  [jvm.dll+0x2faa82]
V  [jvm.dll+0x2ff956]
V  [jvm.dll+0x3480d3]
V  [jvm.dll+0x3487d6]
V  [jvm.dll+0x3481d3]
V  [jvm.dll+0x2d5548]
V  [jvm.dll+0x2d66e7]
V  [jvm.dll+0x6ed237]
V  [jvm.dll+0x6eea2c]
V  [jvm.dll+0x355849]
V  [jvm.dll+0x6d239e]
V  [jvm.dll+0x3be283]
V  [jvm.dll+0x3c0701]
C  [jli.dll+0x5363]
C  [ucrtbase.dll+0x20e72]
C  [KERNEL32.DLL+0x17bd4]
C  [ntdll.dll+0x6ced1]


---------------  P R O C E S S  ---------------

Threads class SMR info:
_java_thread_list=0x000001fd03f572b0, length=0, elements={
}

Java Threads: ( => current thread )

Other Threads:
  0x000001fd06083800 GCTaskThread "GC Thread#0" [stack: 0x000000b634f00000,0x000000b635000000] [id=8020]
  0x000001fd060e3000 ConcurrentGCThread "G1 Main Marker" [stack: 0x000000b635000000,0x000000b635100000] [id=2420]
  0x000001fd060e4800 ConcurrentGCThread "G1 Conc#0" [stack: 0x000000b635100000,0x000000b635200000] [id=13044]

[error occurred during error reporting (printing all threads), id 0xc0000005, EXCEPTION_ACCESS_VIOLATION (0xc0000005) at pc=0x00007ffcdb575c17]

VM state:not at safepoint (not fully initialized)

VM Mutex/Monitor currently owned by a thread:  ([mutex/lock_event])
[0x000001fd0606a490] Heap_lock - owner thread: 0x000001fd0606c800

Heap address: 0x0000000700800000, size: 4088 MB, Compressed Oops mode: Non-zero based: 0x0000000700800000
Narrow klass base: 0x0000000000000000, Narrow klass shift: 0

GC Heap History (0 events):
No events

Deoptimization events (0 events):
No events

Classes redefined (0 events):
No events

Internal exceptions (0 events):
No events

Events (0 events):
No events


Dynamic libraries:
0x00007ff7dc770000 - 0x00007ff7dc77a000 	C:\Program Files\JetBrains\PyCharm Community Edition 2019.3.1\jbr\bin\java.exe
0x00007ffd377e0000 - 0x00007ffd379d0000 	C:\WINDOWS\SYSTEM32\ntdll.dll
0x00007ffd36e40000 - 0x00007ffd36ef2000 	C:\WINDOWS\System32\KERNEL32.DLL
0x00007ffd34b10000 - 0x00007ffd34db3000 	C:\WINDOWS\System32\KERNELBASE.dll
0x00007ffd355e0000 - 0x00007ffd356da000 	C:\WINDOWS\System32\ucrtbase.dll
0x00007ffd19e40000 - 0x00007ffd19e57000 	C:\Program Files\JetBrains\PyCharm Community Edition 2019.3.1\jbr\bin\VCRUNTIME140.dll
0x00007ffd289e0000 - 0x00007ffd289f9000 	C:\Program Files\JetBrains\PyCharm Community Edition 2019.3.1\jbr\bin\jli.dll
0x00007ffd367e0000 - 0x00007ffd36974000 	C:\WINDOWS\System32\USER32.dll
0x00007ffd34ae0000 - 0x00007ffd34b01000 	C:\WINDOWS\System32\win32u.dll
0x00007ffd36980000 - 0x00007ffd369a6000 	C:\WINDOWS\System32\GDI32.dll
0x00007ffd2be70000 - 0x00007ffd2c0f5000 	C:\WINDOWS\WinSxS\amd64_microsoft.windows.common-controls_6595b64144ccf1df_6.0.18362.592_none_e6c0b1911312be02\COMCTL32.dll
0x00007ffd34910000 - 0x00007ffd34aa4000 	C:\WINDOWS\System32\gdi32full.dll
0x00007ffd35aa0000 - 0x00007ffd35b3e000 	C:\WINDOWS\System32\msvcrt.dll
0x00007ffd35540000 - 0x00007ffd355de000 	C:\WINDOWS\System32\msvcp_win.dll
0x00007ffd362f0000 - 0x00007ffd36626000 	C:\WINDOWS\System32\combase.dll
0x00007ffd36d20000 - 0x00007ffd36e40000 	C:\WINDOWS\System32\RPCRT4.dll
0x00007ffd34770000 - 0x00007ffd347f0000 	C:\WINDOWS\System32\bcryptPrimitives.dll
0x00007ffd36b30000 - 0x00007ffd36b5e000 	C:\WINDOWS\System32\IMM32.DLL
0x00007ffd190f0000 - 0x00007ffd1918d000 	C:\Program Files\JetBrains\PyCharm Community Edition 2019.3.1\jbr\bin\msvcp140.dll
0x00007ffcdb290000 - 0x00007ffcdbd4b000 	C:\Program Files\JetBrains\PyCharm Community Edition 2019.3.1\jbr\bin\server\jvm.dll
0x00007ffd35bb0000 - 0x00007ffd35c53000 	C:\WINDOWS\System32\ADVAPI32.dll
0x00007ffd35c60000 - 0x00007ffd35cf7000 	C:\WINDOWS\System32\sechost.dll
0x00007ffd35b40000 - 0x00007ffd35b48000 	C:\WINDOWS\System32\PSAPI.DLL
0x00007ffd2c440000 - 0x00007ffd2c464000 	C:\WINDOWS\SYSTEM32\WINMM.dll
0x00007ffd30f50000 - 0x00007ffd30f5a000 	C:\WINDOWS\SYSTEM32\VERSION.dll
0x00007ffd21c40000 - 0x00007ffd21c49000 	C:\WINDOWS\SYSTEM32\WSOCK32.dll
0x00007ffd36280000 - 0x00007ffd362ef000 	C:\WINDOWS\System32\WS2_32.dll
0x00007ffd2bc40000 - 0x00007ffd2bc6d000 	C:\WINDOWS\SYSTEM32\WINMMBASE.dll
0x00007ffd34810000 - 0x00007ffd3485a000 	C:\WINDOWS\System32\cfgmgr32.dll
0x00007ffd346e0000 - 0x00007ffd346f1000 	C:\WINDOWS\System32\kernel.appcore.dll
0x00007ffd280e0000 - 0x00007ffd280f1000 	C:\Program Files\JetBrains\PyCharm Community Edition 2019.3.1\jbr\bin\verify.dll
0x00007ffd2fa60000 - 0x00007ffd2fc54000 	C:\WINDOWS\SYSTEM32\DBGHELP.DLL
0x00007ffd2f7b0000 - 0x00007ffd2f7da000 	C:\WINDOWS\SYSTEM32\dbgcore.DLL
0x00007ffd26e80000 - 0x00007ffd26ea9000 	C:\Program Files\JetBrains\PyCharm Community Edition 2019.3.1\jbr\bin\java.dll
0x00007ffd26fa0000 - 0x00007ffd26fb7000 	C:\Program Files\JetBrains\PyCharm Community Edition 2019.3.1\jbr\bin\zip.dll
0x00007ffd28b70000 - 0x00007ffd28b7b000 	C:\Program Files\JetBrains\PyCharm Community Edition 2019.3.1\jbr\bin\jimage.dll

dbghelp: loaded successfully - version: 4.0.5 - missing functions: none
symbol engine: initialized successfully - sym options: 0x614 - pdb path: .;C:\Program Files\JetBrains\PyCharm Community Edition 2019.3.1\jbr\bin;C:\WINDOWS\SYSTEM32;C:\WINDOWS\WinSxS\amd64_microsoft.windows.common-controls_6595b64144ccf1df_6.0.18362.592_none_e6c0b1911312be02;C:\Program Files\JetBrains\PyCharm Community Edition 2019.3.1\jbr\bin\server

VM Arguments:
java_command: org.jetbrains.git4idea.http.GitAskPassApp Username for 'https://github.com': 
java_class_path (initial): C:/Program Files/JetBrains/PyCharm Community Edition 2019.3.1/plugins/git4idea/lib/git4idea-rt.jar;C:/Program Files/JetBrains/PyCharm Community Edition 2019.3.1/lib/xmlrpc-2.0.1.jar;C:/Program Files/JetBrains/PyCharm Community Edition 2019.3.1/lib/commons-codec-1.13.jar;C:/Program Files/JetBrains/PyCharm Community Edition 2019.3.1/lib/util.jar
Launcher Type: SUN_STANDARD

[Global flags]
     intx CICompilerCount                          = 4                                         {product} {ergonomic}
     uint ConcGCThreads                            = 2                                         {product} {ergonomic}
     uint G1ConcRefinementThreads                  = 8                                         {product} {ergonomic}
   size_t G1HeapRegionSize                         = 1048576                                   {product} {ergonomic}
    uintx GCDrainStackTargetSize                   = 64                                        {product} {ergonomic}
   size_t InitialHeapSize                          = 268435456                                 {product} {ergonomic}
   size_t MarkStackSize                            = 4194304                                   {product} {ergonomic}
   size_t MaxHeapSize                              = 4286578688                                {product} {ergonomic}
   size_t MinHeapDeltaBytes                        = 1048576                                   {product} {ergonomic}
    uintx NonNMethodCodeHeapSize                   = 5836300                                {pd product} {ergonomic}
    uintx NonProfiledCodeHeapSize                  = 122910970                              {pd product} {ergonomic}
    uintx ProfiledCodeHeapSize                     = 122910970                              {pd product} {ergonomic}
    uintx ReservedCodeCacheSize                    = 251658240                              {pd product} {ergonomic}
     bool SegmentedCodeCache                       = true                                      {product} {ergonomic}
     bool UseCompressedClassPointers               = true                                 {lp64_product} {ergonomic}
     bool UseCompressedOops                        = true                                 {lp64_product} {ergonomic}
     bool UseG1GC                                  = true                                      {product} {ergonomic}
     bool UseLargePagesIndividualAllocation        = false                                  {pd product} {ergonomic}

Logging:
Log output configuration:
 #0: stdout all=warning uptime,level,tags
 #1: stderr all=off uptime,level,tags

Environment Variables:
PATH=C:\Program Files\Git\mingw64\libexec\git-core;C:\Program Files\Git\mingw64\libexec\git-core;C:\Program Files\Git\mingw64\bin;C:\Program Files\Git\usr\bin;C:\Users\D\bin;C:\WINDOWS\system32;C:\WINDOWS;C:\WINDOWS\System32\Wbem;C:\WINDOWS\System32\WindowsPowerShell\v1.0;C:\WINDOWS\System32\OpenSSH;C:\Program Files\PuTTY;C:\Program Files\Git\cmd;C:\Python38\Scripts;C:\Python38;C:\Users\D\AppData\Local\Microsoft\WindowsApps;C:\Program Files\Fiddler;C:\Users\D\AppData\Local\Microsoft\WindowsApps;C:\Program Files\JetBrains\PyCharm Community Edition 2019.3.1\bin
USERNAME=D
DISPLAY=:0.0
OS=Windows_NT
PROCESSOR_IDENTIFIER=Intel64 Family 6 Model 158 Stepping 9, GenuineIntel



---------------  S Y S T E M  ---------------

OS: Windows 10 , 64 bit Build 18362 (10.0.18362.329)

CPU:total 8 (initial active 8) (4 cores per cpu, 2 threads per core) family 6 model 158 stepping 9, cmov, cx8, fxsr, mmx, sse, sse2, sse3, ssse3, sse4.1, sse4.2, popcnt, avx, avx2, aes, clmul, erms, rtm, 3dnowpref, lzcnt, ht, tsc, tscinvbit, bmi1, bmi2, adx, fma

Memory: 4k page, system-wide physical 16348M (5928M free)
TotalPageFile size 18348M (AvailPageFile size 86M)
current process WorkingSet (physical memory assigned to process): 10M, peak: 10M
current process commit charge ("private bytes"): 60M, peak: 316M

vm_info: OpenJDK 64-Bit Server VM (11.0.5+10-b520.17) for windows-amd64 JRE (11.0.5+10-b520.17), built on Dec  2 2019 12:11:34 by "" with MS VC++ 14.0 (VS2015)

END.
